[debug] [2022-09-26T14:23:22.901Z] ----------------------------------------------------------------------
[debug] [2022-09-26T14:23:22.905Z] Command:       /usr/local/Cellar/node/17.0.1/bin/node /usr/local/bin/firebase deploy --only functions,hosting
[debug] [2022-09-26T14:23:22.905Z] CLI Version:   9.23.0
[debug] [2022-09-26T14:23:22.906Z] Platform:      darwin
[debug] [2022-09-26T14:23:22.906Z] Node Version:  v17.0.1
[debug] [2022-09-26T14:23:22.907Z] Time:          Mon Sep 26 2022 16:23:22 GMT+0200 (Central European Summer Time)
[debug] [2022-09-26T14:23:22.907Z] ----------------------------------------------------------------------
[debug] 
[debug] [2022-09-26T14:23:22.964Z] > command requires scopes: ["email","openid","https://www.googleapis.com/auth/cloudplatformprojects.readonly","https://www.googleapis.com/auth/firebase","https://www.googleapis.com/auth/cloud-platform"]
[debug] [2022-09-26T14:23:22.964Z] > authorizing via signed-in user (andrii@aclipp.com)
[debug] [2022-09-26T14:23:22.964Z] [iam] checking project agency-matcher for permissions ["cloudfunctions.functions.create","cloudfunctions.functions.delete","cloudfunctions.functions.get","cloudfunctions.functions.list","cloudfunctions.functions.update","cloudfunctions.operations.get","firebase.projects.get","firebasehosting.sites.update"]
[debug] [2022-09-26T14:23:22.966Z] >>> HTTP REQUEST POST https://cloudresourcemanager.googleapis.com/v1/projects/agency-matcher:testIamPermissions  
 {"permissions":["cloudfunctions.functions.create","cloudfunctions.functions.delete","cloudfunctions.functions.get","cloudfunctions.functions.list","cloudfunctions.functions.update","cloudfunctions.operations.get","firebase.projects.get","firebasehosting.sites.update"]}
[debug] [2022-09-26T14:23:23.754Z] <<< HTTP RESPONSE 200 {"content-type":"application/json; charset=UTF-8","vary":"X-Origin, Referer, Origin,Accept-Encoding","date":"Mon, 26 Sep 2022 14:23:23 GMT","server":"ESF","cache-control":"private","x-xss-protection":"0","x-frame-options":"SAMEORIGIN","x-content-type-options":"nosniff","server-timing":"gfet4t7; dur=598","alt-svc":"h3=\":443\"; ma=2592000,h3-29=\":443\"; ma=2592000,h3-Q050=\":443\"; ma=2592000,h3-Q046=\":443\"; ma=2592000,h3-Q043=\":443\"; ma=2592000,quic=\":443\"; ma=2592000; v=\"46,43\"","accept-ranges":"none","transfer-encoding":"chunked"}
[debug] [2022-09-26T14:23:23.756Z] >>> HTTP REQUEST POST https://iam.googleapis.com/v1/projects/agency-matcher/serviceAccounts/agency-matcher@appspot.gserviceaccount.com:testIamPermissions  
 {"permissions":["iam.serviceAccounts.actAs"]}
[debug] [2022-09-26T14:23:24.451Z] <<< HTTP RESPONSE 200 {"content-type":"application/json; charset=UTF-8","vary":"X-Origin, Referer, Origin,Accept-Encoding","date":"Mon, 26 Sep 2022 14:23:24 GMT","server":"ESF","cache-control":"private","x-xss-protection":"0","x-frame-options":"SAMEORIGIN","x-content-type-options":"nosniff","alt-svc":"h3=\":443\"; ma=2592000,h3-29=\":443\"; ma=2592000,h3-Q050=\":443\"; ma=2592000,h3-Q046=\":443\"; ma=2592000,h3-Q043=\":443\"; ma=2592000,quic=\":443\"; ma=2592000; v=\"46,43\"","accept-ranges":"none","transfer-encoding":"chunked"}
[debug] [2022-09-26T14:23:24.453Z] > refreshing access token with scopes: []
[debug] [2022-09-26T14:23:24.453Z] >>> HTTP REQUEST POST https://www.googleapis.com/oauth2/v3/token  
 <request body omitted>
[debug] [2022-09-26T14:23:24.630Z] <<< HTTP RESPONSE 200 {"cache-control":"no-cache, no-store, max-age=0, must-revalidate","expires":"Mon, 01 Jan 1990 00:00:00 GMT","pragma":"no-cache","date":"Mon, 26 Sep 2022 14:23:24 GMT","content-type":"application/json; charset=utf-8","vary":"X-Origin, Referer, Origin,Accept-Encoding","server":"scaffolding on HTTPServer2","x-xss-protection":"0","x-frame-options":"SAMEORIGIN","x-content-type-options":"nosniff","alt-svc":"h3=\":443\"; ma=2592000,h3-29=\":443\"; ma=2592000,h3-Q050=\":443\"; ma=2592000,h3-Q046=\":443\"; ma=2592000,h3-Q043=\":443\"; ma=2592000,quic=\":443\"; ma=2592000; v=\"46,43\"","accept-ranges":"none","transfer-encoding":"chunked"}
[debug] [2022-09-26T14:23:24.683Z] >>> [apiv2][query] GET https://firebase.googleapis.com/v1beta1/projects/agency-matcher [none]
[debug] [2022-09-26T14:23:24.971Z] <<< [apiv2][status] GET https://firebase.googleapis.com/v1beta1/projects/agency-matcher 200
[debug] [2022-09-26T14:23:24.972Z] <<< [apiv2][body] GET https://firebase.googleapis.com/v1beta1/projects/agency-matcher {"projectId":"agency-matcher","projectNumber":"433561373035","displayName":"agency-matcher","name":"projects/agency-matcher","resources":{"hostingSite":"agency-matcher","storageBucket":"agency-matcher.appspot.com","locationId":"europe-west"},"state":"ACTIVE","etag":"1_43e37795-084a-4579-8d43-662b74fb6381"}
[info] 
[info] === Deploying to 'agency-matcher'...
[info] 
[info] i  deploying functions, hosting 
[info] Running command: npm --prefix "$PROJECT_DIR" install
[info] Running command: npm --prefix "$PROJECT_DIR" run build
[info] ✔  functions: Finished running predeploy script. 
[debug] [2022-09-26T14:23:40.421Z] Validating nodejs source
[debug] [2022-09-26T14:23:41.754Z] > [functions] package.json contents: {
  "name": "agency_matcher",
  "version": "0.1",
  "private": true,
  "main": "server.js",
  "scripts": {
    "dev": "next -p 3001",
    "build": "next build",
    "start": "next start -p 3001",
    "serve": "npm run build && firebase emulators:start --only functions,hosting",
    "shell": "npm run build && firebase functions:shell",
    "deploy": "firebase deploy --only functions,hosting",
    "logs": "firebase functions:log"
  },
  "dependencies": {
    "@emotion/cache": "^11.10.3",
    "@emotion/react": "^11.10.4",
    "@emotion/server": "^11.10.0",
    "@emotion/styled": "^11.10.4",
    "@mui/icons-material": "latest",
    "@mui/material": "^5.10.4",
    "@mui/styles": "^5.10.3",
    "@mui/system": "^5.10.5",
    "axios": "^0.27.2",
    "firebase": "^9.9.4",
    "firebase-admin": "^11.0.1",
    "next": "latest",
    "react": "latest",
    "react-dom": "latest",
    "react-transition-group": "^4.4.5"
  },
  "devDependencies": {
    "firebase-functions": "^3.24.0",
    "line-reader": "^0.4.0",
    "mui-tel-input": "^2.0.2"
  }
}
[debug] [2022-09-26T14:23:41.755Z] Building nodejs source
[info] i  functions: ensuring required API cloudfunctions.googleapis.com is enabled... 
[debug] [2022-09-26T14:23:41.756Z] > refreshing access token with scopes: ["email","https://www.googleapis.com/auth/cloud-platform","https://www.googleapis.com/auth/cloudplatformprojects.readonly","https://www.googleapis.com/auth/firebase","openid"]
[debug] [2022-09-26T14:23:41.757Z] >>> HTTP REQUEST POST https://www.googleapis.com/oauth2/v3/token  
 <request body omitted>
[debug] [2022-09-26T14:23:41.758Z] > refreshing access token with scopes: ["email","https://www.googleapis.com/auth/cloud-platform","https://www.googleapis.com/auth/cloudplatformprojects.readonly","https://www.googleapis.com/auth/firebase","openid"]
[debug] [2022-09-26T14:23:41.758Z] >>> HTTP REQUEST POST https://www.googleapis.com/oauth2/v3/token  
 <request body omitted>
[info] i  functions: ensuring required API cloudbuild.googleapis.com is enabled... 
[debug] [2022-09-26T14:23:41.759Z] > refreshing access token with scopes: ["email","https://www.googleapis.com/auth/cloud-platform","https://www.googleapis.com/auth/cloudplatformprojects.readonly","https://www.googleapis.com/auth/firebase","openid"]
[debug] [2022-09-26T14:23:41.759Z] >>> HTTP REQUEST POST https://www.googleapis.com/oauth2/v3/token  
 <request body omitted>
[info] i  functions: ensuring required API artifactregistry.googleapis.com is enabled... 
[debug] [2022-09-26T14:23:41.760Z] > refreshing access token with scopes: ["email","https://www.googleapis.com/auth/cloud-platform","https://www.googleapis.com/auth/cloudplatformprojects.readonly","https://www.googleapis.com/auth/firebase","openid"]
[debug] [2022-09-26T14:23:41.760Z] >>> HTTP REQUEST POST https://www.googleapis.com/oauth2/v3/token  
 <request body omitted>
[debug] [2022-09-26T14:23:41.903Z] <<< HTTP RESPONSE 200 {"cache-control":"no-cache, no-store, max-age=0, must-revalidate","pragma":"no-cache","date":"Mon, 26 Sep 2022 14:23:42 GMT","expires":"Mon, 01 Jan 1990 00:00:00 GMT","content-type":"application/json; charset=utf-8","vary":"X-Origin, Referer, Origin,Accept-Encoding","server":"scaffolding on HTTPServer2","x-xss-protection":"0","x-frame-options":"SAMEORIGIN","x-content-type-options":"nosniff","alt-svc":"h3=\":443\"; ma=2592000,h3-29=\":443\"; ma=2592000,h3-Q050=\":443\"; ma=2592000,h3-Q046=\":443\"; ma=2592000,h3-Q043=\":443\"; ma=2592000,quic=\":443\"; ma=2592000; v=\"46,43\"","accept-ranges":"none","transfer-encoding":"chunked"}
[debug] [2022-09-26T14:23:41.956Z] >>> HTTP REQUEST GET https://serviceusage.googleapis.com/v1/projects/agency-matcher/services/runtimeconfig.googleapis.com  
 
[debug] [2022-09-26T14:23:41.961Z] <<< HTTP RESPONSE 200 {"expires":"Mon, 01 Jan 1990 00:00:00 GMT","date":"Mon, 26 Sep 2022 14:23:42 GMT","pragma":"no-cache","cache-control":"no-cache, no-store, max-age=0, must-revalidate","content-type":"application/json; charset=utf-8","vary":"X-Origin, Referer, Origin,Accept-Encoding","server":"scaffolding on HTTPServer2","x-xss-protection":"0","x-frame-options":"SAMEORIGIN","x-content-type-options":"nosniff","alt-svc":"h3=\":443\"; ma=2592000,h3-29=\":443\"; ma=2592000,h3-Q050=\":443\"; ma=2592000,h3-Q046=\":443\"; ma=2592000,h3-Q043=\":443\"; ma=2592000,quic=\":443\"; ma=2592000; v=\"46,43\"","accept-ranges":"none","transfer-encoding":"chunked"}
[debug] [2022-09-26T14:23:42.009Z] >>> HTTP REQUEST GET https://serviceusage.googleapis.com/v1/projects/agency-matcher/services/cloudfunctions.googleapis.com  
 
[debug] [2022-09-26T14:23:42.010Z] <<< HTTP RESPONSE 200 {"expires":"Mon, 01 Jan 1990 00:00:00 GMT","cache-control":"no-cache, no-store, max-age=0, must-revalidate","date":"Mon, 26 Sep 2022 14:23:42 GMT","pragma":"no-cache","content-type":"application/json; charset=utf-8","vary":"X-Origin, Referer, Origin,Accept-Encoding","server":"scaffolding on HTTPServer2","x-xss-protection":"0","x-frame-options":"SAMEORIGIN","x-content-type-options":"nosniff","alt-svc":"h3=\":443\"; ma=2592000,h3-29=\":443\"; ma=2592000,h3-Q050=\":443\"; ma=2592000,h3-Q046=\":443\"; ma=2592000,h3-Q043=\":443\"; ma=2592000,quic=\":443\"; ma=2592000; v=\"46,43\"","accept-ranges":"none","transfer-encoding":"chunked"}
[debug] [2022-09-26T14:23:42.059Z] >>> HTTP REQUEST GET https://serviceusage.googleapis.com/v1/projects/agency-matcher/services/cloudbuild.googleapis.com  
 
[debug] [2022-09-26T14:23:42.061Z] <<< HTTP RESPONSE 200 {"cache-control":"no-cache, no-store, max-age=0, must-revalidate","pragma":"no-cache","date":"Mon, 26 Sep 2022 14:23:42 GMT","expires":"Mon, 01 Jan 1990 00:00:00 GMT","content-type":"application/json; charset=utf-8","vary":"X-Origin, Referer, Origin,Accept-Encoding","server":"scaffolding on HTTPServer2","x-xss-protection":"0","x-frame-options":"SAMEORIGIN","x-content-type-options":"nosniff","alt-svc":"h3=\":443\"; ma=2592000,h3-29=\":443\"; ma=2592000,h3-Q050=\":443\"; ma=2592000,h3-Q046=\":443\"; ma=2592000,h3-Q043=\":443\"; ma=2592000,quic=\":443\"; ma=2592000; v=\"46,43\"","accept-ranges":"none","transfer-encoding":"chunked"}
[debug] [2022-09-26T14:23:42.109Z] >>> HTTP REQUEST GET https://serviceusage.googleapis.com/v1/projects/agency-matcher/services/artifactregistry.googleapis.com  
 
[debug] [2022-09-26T14:23:42.994Z] <<< HTTP RESPONSE 200 {"content-type":"application/json; charset=UTF-8","vary":"X-Origin, Referer, Origin,Accept-Encoding","date":"Mon, 26 Sep 2022 14:23:43 GMT","server":"ESF","cache-control":"private","x-xss-protection":"0","x-frame-options":"SAMEORIGIN","x-content-type-options":"nosniff","alt-svc":"h3=\":443\"; ma=2592000,h3-29=\":443\"; ma=2592000,h3-Q050=\":443\"; ma=2592000,h3-Q046=\":443\"; ma=2592000,h3-Q043=\":443\"; ma=2592000,quic=\":443\"; ma=2592000; v=\"46,43\"","accept-ranges":"none","transfer-encoding":"chunked"}
[debug] [2022-09-26T14:23:43.037Z] <<< HTTP RESPONSE 200 {"content-type":"application/json; charset=UTF-8","vary":"X-Origin, Referer, Origin,Accept-Encoding","date":"Mon, 26 Sep 2022 14:23:43 GMT","server":"ESF","cache-control":"private","x-xss-protection":"0","x-frame-options":"SAMEORIGIN","x-content-type-options":"nosniff","alt-svc":"h3=\":443\"; ma=2592000,h3-29=\":443\"; ma=2592000,h3-Q050=\":443\"; ma=2592000,h3-Q046=\":443\"; ma=2592000,h3-Q043=\":443\"; ma=2592000,quic=\":443\"; ma=2592000; v=\"46,43\"","accept-ranges":"none","transfer-encoding":"chunked"}
[info] ✔  functions: required API artifactregistry.googleapis.com is enabled 
[debug] [2022-09-26T14:23:43.050Z] <<< HTTP RESPONSE 200 {"content-type":"application/json; charset=UTF-8","vary":"X-Origin, Referer, Origin,Accept-Encoding","date":"Mon, 26 Sep 2022 14:23:43 GMT","server":"ESF","cache-control":"private","x-xss-protection":"0","x-frame-options":"SAMEORIGIN","x-content-type-options":"nosniff","alt-svc":"h3=\":443\"; ma=2592000,h3-29=\":443\"; ma=2592000,h3-Q050=\":443\"; ma=2592000,h3-Q046=\":443\"; ma=2592000,h3-Q043=\":443\"; ma=2592000,quic=\":443\"; ma=2592000; v=\"46,43\"","accept-ranges":"none","transfer-encoding":"chunked"}
[info] ✔  functions: required API cloudfunctions.googleapis.com is enabled 
[debug] [2022-09-26T14:23:43.093Z] <<< HTTP RESPONSE 200 {"content-type":"application/json; charset=UTF-8","vary":"X-Origin, Referer, Origin,Accept-Encoding","date":"Mon, 26 Sep 2022 14:23:43 GMT","server":"ESF","cache-control":"private","x-xss-protection":"0","x-frame-options":"SAMEORIGIN","x-content-type-options":"nosniff","alt-svc":"h3=\":443\"; ma=2592000,h3-29=\":443\"; ma=2592000,h3-Q050=\":443\"; ma=2592000,h3-Q046=\":443\"; ma=2592000,h3-Q043=\":443\"; ma=2592000,quic=\":443\"; ma=2592000; v=\"46,43\"","accept-ranges":"none","transfer-encoding":"chunked"}
[info] ✔  functions: required API cloudbuild.googleapis.com is enabled 
[debug] [2022-09-26T14:23:43.094Z] >>> HTTP REQUEST GET https://firebase.googleapis.com/v1beta1/projects/agency-matcher/adminSdkConfig  
 
[debug] [2022-09-26T14:23:43.573Z] <<< HTTP RESPONSE 200 {"content-type":"application/json; charset=UTF-8","vary":"X-Origin, Referer, Origin,Accept-Encoding","date":"Mon, 26 Sep 2022 14:23:43 GMT","server":"ESF","cache-control":"private","x-xss-protection":"0","x-frame-options":"SAMEORIGIN","x-content-type-options":"nosniff","alt-svc":"h3=\":443\"; ma=2592000,h3-29=\":443\"; ma=2592000,h3-Q050=\":443\"; ma=2592000,h3-Q046=\":443\"; ma=2592000,h3-Q043=\":443\"; ma=2592000,quic=\":443\"; ma=2592000; v=\"46,43\"","accept-ranges":"none","transfer-encoding":"chunked"}
[debug] [2022-09-26T14:23:43.573Z] >>> HTTP REQUEST GET https://runtimeconfig.googleapis.com/v1beta1/projects/agency-matcher/configs  
 
[debug] [2022-09-26T14:23:44.253Z] <<< HTTP RESPONSE 200 {"content-type":"application/json; charset=UTF-8","vary":"X-Origin, Referer, Origin,Accept-Encoding","date":"Mon, 26 Sep 2022 14:23:44 GMT","server":"ESF","cache-control":"private","x-xss-protection":"0","x-frame-options":"SAMEORIGIN","x-content-type-options":"nosniff","alt-svc":"h3=\":443\"; ma=2592000,h3-29=\":443\"; ma=2592000,h3-Q050=\":443\"; ma=2592000,h3-Q046=\":443\"; ma=2592000,h3-Q043=\":443\"; ma=2592000,quic=\":443\"; ma=2592000; v=\"46,43\"","accept-ranges":"none","transfer-encoding":"chunked"}
[debug] [2022-09-26T14:23:44.254Z] Analyzing nodejs backend spec
[info] i  functions: preparing . directory for uploading... 
[info] i  functions: packaged . (102.65 MB) for uploading 
[debug] [2022-09-26T14:23:53.898Z] >>> HTTP REQUEST GET https://cloudfunctions.googleapis.com/v1/projects/agency-matcher/locations/-/functions  
 
[debug] [2022-09-26T14:23:54.702Z] <<< HTTP RESPONSE 200 {"content-type":"application/json; charset=UTF-8","vary":"X-Origin, Referer, Origin,Accept-Encoding","date":"Mon, 26 Sep 2022 14:23:54 GMT","server":"ESF","cache-control":"private","x-xss-protection":"0","x-frame-options":"SAMEORIGIN","x-content-type-options":"nosniff","alt-svc":"h3=\":443\"; ma=2592000,h3-29=\":443\"; ma=2592000,h3-Q050=\":443\"; ma=2592000,h3-Q046=\":443\"; ma=2592000,h3-Q043=\":443\"; ma=2592000,quic=\":443\"; ma=2592000; v=\"46,43\"","accept-ranges":"none","transfer-encoding":"chunked"}
[debug] [2022-09-26T14:23:54.706Z] >>> HTTP REQUEST POST https://firebasehosting.googleapis.com/v1beta1/sites/agency-matcher/versions  
 {"config":{"rewrites":[{"glob":"**","function":"nextjsFunc"}]},"labels":{"deployment-tool":"cli-firebase"}}
[debug] [2022-09-26T14:23:56.072Z] <<< HTTP RESPONSE 200 {"content-type":"application/json; charset=UTF-8","vary":"X-Origin, Referer, Origin,Accept-Encoding","date":"Mon, 26 Sep 2022 14:23:56 GMT","server":"ESF","cache-control":"private","x-xss-protection":"0","x-frame-options":"SAMEORIGIN","x-content-type-options":"nosniff","alt-svc":"h3=\":443\"; ma=2592000,h3-29=\":443\"; ma=2592000,h3-Q050=\":443\"; ma=2592000,h3-Q046=\":443\"; ma=2592000,h3-Q043=\":443\"; ma=2592000,quic=\":443\"; ma=2592000; v=\"46,43\"","accept-ranges":"none","transfer-encoding":"chunked"}
[debug] [2022-09-26T14:23:56.073Z] [functions] found 1 new HTTP functions, testing setIamPolicy permission...
[debug] [2022-09-26T14:23:56.073Z] >>> HTTP REQUEST POST https://cloudresourcemanager.googleapis.com/v1/projects/agency-matcher:testIamPermissions  
 {"permissions":["cloudfunctions.functions.setIamPolicy"]}
[debug] [2022-09-26T14:23:56.793Z] <<< HTTP RESPONSE 200 {"content-type":"application/json; charset=UTF-8","vary":"X-Origin, Referer, Origin,Accept-Encoding","date":"Mon, 26 Sep 2022 14:23:56 GMT","server":"ESF","cache-control":"private","x-xss-protection":"0","x-frame-options":"SAMEORIGIN","x-content-type-options":"nosniff","server-timing":"gfet4t7; dur=593","alt-svc":"h3=\":443\"; ma=2592000,h3-29=\":443\"; ma=2592000,h3-Q050=\":443\"; ma=2592000,h3-Q046=\":443\"; ma=2592000,h3-Q043=\":443\"; ma=2592000,quic=\":443\"; ma=2592000; v=\"46,43\"","accept-ranges":"none","transfer-encoding":"chunked"}
[debug] [2022-09-26T14:23:56.793Z] [functions] found setIamPolicy permission, proceeding with deploy
[debug] [2022-09-26T14:23:56.794Z] >>> HTTP REQUEST POST https://cloudfunctions.googleapis.com/v1/projects/agency-matcher/locations/us-central1/functions:generateUploadUrl  
 
[debug] [2022-09-26T14:23:57.486Z] <<< HTTP RESPONSE 200 {"content-type":"application/json; charset=UTF-8","vary":"X-Origin, Referer, Origin,Accept-Encoding","date":"Mon, 26 Sep 2022 14:23:57 GMT","server":"ESF","cache-control":"private","x-xss-protection":"0","x-frame-options":"SAMEORIGIN","x-content-type-options":"nosniff","alt-svc":"h3=\":443\"; ma=2592000,h3-29=\":443\"; ma=2592000,h3-Q050=\":443\"; ma=2592000,h3-Q046=\":443\"; ma=2592000,h3-Q043=\":443\"; ma=2592000,quic=\":443\"; ma=2592000; v=\"46,43\"","accept-ranges":"none","transfer-encoding":"chunked"}
[debug] [2022-09-26T14:23:57.488Z] >>> HTTP REQUEST PUT https://storage.googleapis.com/uploads-613690234084.us-central1.cloudfunctions.appspot.com/a2788ae7-337b-47e5-ae44-258b4a66b806.zip?GoogleAccessId=service-433561373035@gcf-admin-robot.iam.gserviceaccount.com&Expires=1664204037&Signature=Acpisn0fLRC8bPO4K9RFT%2BFaKodGbvSveKJ6lmRgdCObdqaIfLL185SpIfwQlgy4qf9XTJJw3xuCnRdWIof5bbUTIfc5llDK5N28gY9j5XIU%2Bu6yFpUcaw0VjXol1Fzw8mmtWJQ%2BVa6aM%2Bsih6WJgfVnOUVpiCd1i770DRhAsIEQDHlZkMn%2F%2FPDrbP2Xzbqqf9D8gB%2B1YTR7aguVHotXehNMM72V8Aj8vVxY079MOxcMGLRWdtXFdlmyMmciXU4Ed34TSleZ%2BQdMH5vuJ7v8jN%2F8hBrHXtDbxIscQVoNtUDr1%2FclUnuN1TYqL1ftxPjPj97Bs5rLHtrXILq2nxqV4A%3D%3D  
 <request body omitted>
